This is pdfTeX, Version 3.14159265-2.6-1.40.15 (TeX Live 2014) (preloaded format=latex 2014.6.19)  12 OCT 2015 22:20
entering extended mode
 restricted \write18 enabled.
 %&-line parsing enabled.
**cals.ins
(./cals.ins
LaTeX2e <2014/05/01>
Babel <3.9k> and hyphenation patterns for 78 languages loaded.
(/usr/local/texlive/2014/texmf-dist/tex/latex/base/docstrip.tex
\blockLevel=\count79
\emptyLines=\count80
\processedLines=\count81
\commentsRemoved=\count82
\commentsPassed=\count83
\codeLinesPassed=\count84
\TotalprocessedLines=\count85
\TotalcommentsRemoved=\count86
\TotalcommentsPassed=\count87
\TotalcodeLinesPassed=\count88
\NumberOfFiles=\count89
\inFile=\read1
\inputcheck=\read2
\off@0=\count90
\off@1=\count91
\off@2=\count92
\off@3=\count93
\off@4=\count94
\off@5=\count95
\off@6=\count96
\off@7=\count97
\off@8=\count98
\off@9=\count99
\off@10=\count100
\off@11=\count101
\off@12=\count102
\off@13=\count103
\off@14=\count104
\off@15=\count105
\@maxfiles=\count106
\@maxoutfiles=\count107

Utility: `docstrip' 2.5d <2005/07/29>
English documentation    <2014/04/19>

**********************************************************
* This program converts documented macro-files into fast *
* loadable files by stripping off (nearly) all comments! *
**********************************************************

********************************************************
* No Configuration file found, using default settings. *
********************************************************

)

Generating file(s) ./cals.sty 
\openout0 = `./cals.sty'.


Processing file cals.dtx (package) -> cals.sty
File cals.dtx ended by \endinput.
Lines  processed: 171
Comments removed: 150
Comments  passed: 0
Codelines passed: 13


Processing file cell.dtx (package) -> cals.sty
Lines  processed: 314
Comments removed: 191
Comments  passed: 0
Codelines passed: 123


Processing file span.dtx (package) -> cals.sty
Lines  processed: 176
Comments removed: 102
Comments  passed: 0
Codelines passed: 74


Processing file table.dtx (package) -> cals.sty
Lines  processed: 433
Comments removed: 238
Comments  passed: 1
Codelines passed: 194


Processing file lltokens.dtx (package) -> cals.sty
Lines  processed: 170
Comments removed: 120
Comments  passed: 0
Codelines passed: 50


Processing file decor.dtx (package) -> cals.sty
Lines  processed: 227
Comments removed: 172
Comments  passed: 0
Codelines passed: 55


Processing file colsep.dtx (package) -> cals.sty
Lines  processed: 126
Comments removed: 79
Comments  passed: 0
Codelines passed: 47


Processing file rowsep.dtx (package) -> cals.sty
Lines  processed: 360
Comments removed: 218
Comments  passed: 0
Codelines passed: 142

*************************************************************
*                                                           *
* To finish the installation you have to move the following *
* file into a directory searched by TeX:                    *
*                                                           *
*     cals.sty                                              *
*                                                           *
* To produce the documentation run the file skeleton.dtx    *
* through LaTeX.                                            *
*                                                           *
* Happy TeXing!                                             *
*                                                           *
*************************************************************
Overall statistics:
Files  processed: 8
Lines  processed: 1977
Comments removed: 1270
Comments  passed: 1
Codelines passed: 698
 ) 
Here is how much of TeX's memory you used:
 338 strings out of 493118
 3384 string characters out of 6135459
 58576 words of memory out of 5000000
 3889 multiletter control sequences out of 15000+600000
 3640 words of font info for 14 fonts, out of 8000000 for 9000
 1141 hyphenation exceptions out of 8191
 12i,0n,15p,211b,141s stack positions out of 5000i,500n,10000p,200000b,80000s

No pages of output.
